<?xml version="1.0" encoding="UTF-8"?>
<!-- Generated by org.testng.reporters.JUnitXMLReporter -->
<testsuite ignored="0" hostname="DESKTOP-F6N15AA" failures="0" tests="3" name="Default test" time="25.273" errors="0" timestamp="2025-02-17T22:32:33 IST">
  <testcase classname="testcases.UpcomingVisitTest" name="verifyVisitManager" time="7.226"/>
  <testcase classname="testcases.UpcomingVisitTest" name="verifyVisitAssociate" time="5.564"/>
  <testcase classname="testcases.UpcomingVisitTest" name="testFollowUpAction" time="6.283"/>
</testsuite> <!-- Default test -->
