<?xml version="1.0" encoding="UTF-8"?>
<testng-results ignored="0" total="3" passed="3" failed="0" skipped="0">
  <reporter-output>
  </reporter-output>
  <suite started-at="2025-02-17T22:32:07 IST" name="Default suite" finished-at="2025-02-17T22:32:33 IST" duration-ms="25273">
    <groups>
    </groups>
    <test started-at="2025-02-17T22:32:07 IST" name="Default test" finished-at="2025-02-17T22:32:33 IST" duration-ms="25273">
      <class name="testcases.UpcomingVisitTest">
        <test-method is-config="true" signature="config()[pri:0, instance:testcases.UpcomingVisitTest@4c12331b]" started-at="2025-02-17T22:32:07 IST" name="config" finished-at="2025-02-17T22:32:13 IST" duration-ms="5716" status="PASS">
          <reporter-output>
          </reporter-output>
        </test-method> <!-- config -->
        <test-method signature="verifyVisitManager()[pri:1, instance:testcases.UpcomingVisitTest@4c12331b]" started-at="2025-02-17T22:32:13 IST" name="verifyVisitManager" finished-at="2025-02-17T22:32:20 IST" duration-ms="7226" status="PASS">
          <reporter-output>
          </reporter-output>
        </test-method> <!-- verifyVisitManager -->
        <test-method signature="verifyVisitAssociate()[pri:2, instance:testcases.UpcomingVisitTest@4c12331b]" started-at="2025-02-17T22:32:20 IST" name="verifyVisitAssociate" finished-at="2025-02-17T22:32:26 IST" duration-ms="5564" status="PASS">
          <reporter-output>
          </reporter-output>
        </test-method> <!-- verifyVisitAssociate -->
        <test-method signature="testFollowUpAction()[pri:3, instance:testcases.UpcomingVisitTest@4c12331b]" started-at="2025-02-17T22:32:26 IST" name="testFollowUpAction" finished-at="2025-02-17T22:32:32 IST" duration-ms="6283" status="PASS">
          <reporter-output>
          </reporter-output>
        </test-method> <!-- testFollowUpAction -->
        <test-method is-config="true" signature="teardown()[pri:0, instance:testcases.UpcomingVisitTest@4c12331b]" started-at="2025-02-17T22:32:32 IST" name="teardown" finished-at="2025-02-17T22:32:33 IST" duration-ms="360" status="PASS">
          <reporter-output>
          </reporter-output>
        </test-method> <!-- teardown -->
      </class> <!-- testcases.UpcomingVisitTest -->
    </test> <!-- Default test -->
  </suite> <!-- Default suite -->
</testng-results>
